<?xml version="1.0" encoding="UTF-8"?>
<!-- Generated by org.testng.reporters.JUnitReportReporter -->
<testsuite hostname="JHUMA" failures="0" tests="4" name="datadriven.DataDrivenTest" time="6.446" errors="0" timestamp="2023-01-20T18:35:55 EST" skipped="0">
  <testcase classname="datadriven.DataDrivenTest" name="loginTest" time="0.794"/>
  <system-out/>
  <testcase classname="datadriven.DataDrivenTest" name="loginTest" time="0.828"/>
  <system-out/>
  <testcase classname="datadriven.DataDrivenTest" name="loginTest" time="0.775"/>
  <system-out/>
  <testcase classname="datadriven.DataDrivenTest" name="loginTest" time="4.049"/>
  <system-out/>
</testsuite> <!-- datadriven.DataDrivenTest -->
